<?xml version="1.0" encoding="UTF-8"?>
<!-- Generated by org.testng.reporters.JUnitXMLReporter -->
<testsuite hostname="LAPTOP-1UNI7991" name="Hubspot Regression Testcases" tests="2" failures="2" timestamp="20 Mar 2020 07:27:46 GMT" time="30.428" errors="0">
  <testcase name="verifySignUpLinkTest" time="0.012" classname="com.qa.hubspot.tests.LoginPageTest">
    <failure type="java.lang.NoSuchMethodError" message="org.testng.ITestNGMethod.getQualifiedName()Ljava/lang/String;">
      <![CDATA[java.lang.NoSuchMethodError: org.testng.ITestNGMethod.getQualifiedName()Ljava/lang/String;
	at com.qa.hubspot.listeners.ExtentReportListener.onTestStart(ExtentReportListener.java:68)
... Removed 21 stack frames]]>
    </failure>
  </testcase> <!-- verifySignUpLinkTest -->
  <testcase name="verifySignUpLinkTest" time="0.693" classname="com.qa.hubspot.tests.LoginPageTest">
    <failure type="java.lang.NullPointerException">
      <![CDATA[java.lang.NullPointerException
	at com.qa.hubspot.listeners.ExtentReportListener.onTestFailure(ExtentReportListener.java:96)
... Removed 21 stack frames]]>
    </failure>
  </testcase> <!-- verifySignUpLinkTest -->
</testsuite> <!-- Hubspot Regression Testcases -->
