<?xml version="1.0" encoding="UTF-8"?>
<!-- Generated by org.testng.reporters.JUnitXMLReporter -->
<testsuite hostname="LAPTOP-1UNI7991" name="Default test" tests="11" failures="0" timestamp="20 Mar 2020 07:33:40 GMT" time="26.921" errors="0">
  <testcase name="verifySignUpLinkTest" time="5.454" classname="com.qa.hubspot.tests.LoginPageTest"/>
  <testcase name="verifyLoginPageTitleTest" time="0.033" classname="com.qa.hubspot.tests.LoginPageTest"/>
  <testcase name="verifyDontHaveAccountLabelTest" time="0.089" classname="com.qa.hubspot.tests.LoginPageTest"/>
  <testcase name="verifyForgotPasswordLinkTest" time="0.125" classname="com.qa.hubspot.tests.LoginPageTest"/>
  <testcase name="verifyPasswordIsMasked" time="0.07" classname="com.qa.hubspot.tests.LoginPageTest"/>
  <testcase name="verifySignInWithGoogleLinkTest" time="0.097" classname="com.qa.hubspot.tests.LoginPageTest"/>
  <testcase name="verifySSOLinkTest" time="0.16" classname="com.qa.hubspot.tests.LoginPageTest"/>
  <testcase name="verifyShowPasswordLinkTest" time="0.366" classname="com.qa.hubspot.tests.LoginPageTest"/>
  <testcase name="verifyHidePasswordLinkTest" time="0.257" classname="com.qa.hubspot.tests.LoginPageTest"/>
  <testcase name="verifyCopyRightInfoTest" time="0.065" classname="com.qa.hubspot.tests.LoginPageTest"/>
  <testcase name="verifyloginTest" time="7.651" classname="com.qa.hubspot.tests.LoginPageTest"/>
</testsuite> <!-- Default test -->
