<?xml version="1.0" encoding="UTF-8"?>
<testng-results skipped="0" failed="0" ignored="0" total="11" passed="11">
  <reporter-output>
  </reporter-output>
  <suite name="Hubspot App Sanity Test Suite" duration-ms="28529" started-at="2020-03-20T10:42:39Z" finished-at="2020-03-20T10:43:07Z">
    <groups>
    </groups>
    <test name="Hubspot Sanity Testcases- chrome" duration-ms="28529" started-at="2020-03-20T10:42:39Z" finished-at="2020-03-20T10:43:07Z">
      <class name="com.qa.hubspot.tests.LoginPageTest">
        <test-method status="PASS" signature="setUP()[pri:0, instance:com.qa.hubspot.tests.LoginPageTest@422c3c7a]" name="setUP" is-config="true" duration-ms="12574" started-at="2020-03-20T10:42:39Z" finished-at="2020-03-20T10:42:51Z">
          <reporter-output>
          </reporter-output>
        </test-method> <!-- setUP -->
        <test-method status="PASS" signature="verifySignUpLinkTest()[pri:1, instance:com.qa.hubspot.tests.LoginPageTest@422c3c7a]" name="verifySignUpLinkTest" duration-ms="5835" started-at="2020-03-20T10:42:51Z" finished-at="2020-03-20T10:42:57Z">
          <reporter-output>
          </reporter-output>
        </test-method> <!-- verifySignUpLinkTest -->
        <test-method status="PASS" signature="verifyLoginPageTitleTest()[pri:2, instance:com.qa.hubspot.tests.LoginPageTest@422c3c7a]" name="verifyLoginPageTitleTest" duration-ms="32" started-at="2020-03-20T10:42:58Z" finished-at="2020-03-20T10:42:58Z">
          <reporter-output>
          </reporter-output>
        </test-method> <!-- verifyLoginPageTitleTest -->
        <test-method status="PASS" signature="verifyDontHaveAccountLabelTest()[pri:3, instance:com.qa.hubspot.tests.LoginPageTest@422c3c7a]" name="verifyDontHaveAccountLabelTest" duration-ms="86" started-at="2020-03-20T10:42:58Z" finished-at="2020-03-20T10:42:58Z">
          <reporter-output>
          </reporter-output>
        </test-method> <!-- verifyDontHaveAccountLabelTest -->
        <test-method status="PASS" signature="verifyForgotPasswordLinkTest()[pri:4, instance:com.qa.hubspot.tests.LoginPageTest@422c3c7a]" name="verifyForgotPasswordLinkTest" duration-ms="71" started-at="2020-03-20T10:42:58Z" finished-at="2020-03-20T10:42:58Z">
          <reporter-output>
          </reporter-output>
        </test-method> <!-- verifyForgotPasswordLinkTest -->
        <test-method status="PASS" signature="verifyPasswordIsMasked()[pri:5, instance:com.qa.hubspot.tests.LoginPageTest@422c3c7a]" name="verifyPasswordIsMasked" duration-ms="65" started-at="2020-03-20T10:42:58Z" finished-at="2020-03-20T10:42:58Z">
          <reporter-output>
          </reporter-output>
        </test-method> <!-- verifyPasswordIsMasked -->
        <test-method status="PASS" signature="verifySignInWithGoogleLinkTest()[pri:6, instance:com.qa.hubspot.tests.LoginPageTest@422c3c7a]" name="verifySignInWithGoogleLinkTest" duration-ms="69" started-at="2020-03-20T10:42:58Z" finished-at="2020-03-20T10:42:58Z">
          <reporter-output>
          </reporter-output>
        </test-method> <!-- verifySignInWithGoogleLinkTest -->
        <test-method status="PASS" signature="verifySSOLinkTest()[pri:7, instance:com.qa.hubspot.tests.LoginPageTest@422c3c7a]" name="verifySSOLinkTest" duration-ms="66" started-at="2020-03-20T10:42:58Z" finished-at="2020-03-20T10:42:58Z">
          <reporter-output>
          </reporter-output>
        </test-method> <!-- verifySSOLinkTest -->
        <test-method status="PASS" signature="verifyShowPasswordLinkTest()[pri:8, instance:com.qa.hubspot.tests.LoginPageTest@422c3c7a]" name="verifyShowPasswordLinkTest" duration-ms="1897" started-at="2020-03-20T10:42:58Z" finished-at="2020-03-20T10:43:00Z">
          <reporter-output>
          </reporter-output>
        </test-method> <!-- verifyShowPasswordLinkTest -->
        <test-method status="PASS" signature="verifyHidePasswordLinkTest()[pri:9, instance:com.qa.hubspot.tests.LoginPageTest@422c3c7a]" name="verifyHidePasswordLinkTest" duration-ms="284" started-at="2020-03-20T10:43:00Z" finished-at="2020-03-20T10:43:00Z">
          <reporter-output>
          </reporter-output>
        </test-method> <!-- verifyHidePasswordLinkTest -->
        <test-method status="PASS" signature="verifyCopyRightInfoTest()[pri:10, instance:com.qa.hubspot.tests.LoginPageTest@422c3c7a]" name="verifyCopyRightInfoTest" duration-ms="65" started-at="2020-03-20T10:43:00Z" finished-at="2020-03-20T10:43:00Z">
          <reporter-output>
          </reporter-output>
        </test-method> <!-- verifyCopyRightInfoTest -->
        <test-method status="PASS" signature="verifyloginTest()[pri:11, instance:com.qa.hubspot.tests.LoginPageTest@422c3c7a]" name="verifyloginTest" duration-ms="6306" started-at="2020-03-20T10:43:00Z" finished-at="2020-03-20T10:43:07Z">
          <reporter-output>
          </reporter-output>
        </test-method> <!-- verifyloginTest -->
        <test-method status="PASS" signature="tearDown()[pri:0, instance:com.qa.hubspot.tests.LoginPageTest@422c3c7a]" name="tearDown" is-config="true" duration-ms="696" started-at="2020-03-20T10:43:07Z" finished-at="2020-03-20T10:43:07Z">
          <reporter-output>
          </reporter-output>
        </test-method> <!-- tearDown -->
      </class> <!-- com.qa.hubspot.tests.LoginPageTest -->
    </test> <!-- Hubspot Sanity Testcases- chrome -->
  </suite> <!-- Hubspot App Sanity Test Suite -->
</testng-results>
