<?xml version="1.0" encoding="UTF-8"?>
<testng-results skipped="0" failed="1" total="11" passed="10">
  <reporter-output>
  </reporter-output>
  <suite name="Hubspot App Sanity Test Suite" duration-ms="45602" started-at="2020-03-20T10:21:10Z" finished-at="2020-03-20T10:21:56Z">
    <groups>
    </groups>
    <test name="Hubspot Sanity Testcases- chrome" duration-ms="45602" started-at="2020-03-20T10:21:10Z" finished-at="2020-03-20T10:21:56Z">
      <class name="com.qa.hubspot.tests.LoginPageTest">
        <test-method status="PASS" signature="setUP()[pri:0, instance:com.qa.hubspot.tests.LoginPageTest@4148db48]" name="setUP" is-config="true" duration-ms="11623" started-at="2020-03-20T15:51:10Z" finished-at="2020-03-20T15:51:22Z">
          <reporter-output>
          </reporter-output>
        </test-method> <!-- setUP -->
        <test-method status="PASS" signature="verifySignUpLinkTest()[pri:0, instance:com.qa.hubspot.tests.LoginPageTest@4148db48]" name="verifySignUpLinkTest" duration-ms="5795" started-at="2020-03-20T15:51:22Z" finished-at="2020-03-20T15:51:28Z">
          <reporter-output>
          </reporter-output>
        </test-method> <!-- verifySignUpLinkTest -->
        <test-method status="FAIL" signature="verifyLoginPageTitleTest()[pri:0, instance:com.qa.hubspot.tests.LoginPageTest@4148db48]" name="verifyLoginPageTitleTest" duration-ms="20085" started-at="2020-03-20T15:51:28Z" finished-at="2020-03-20T15:51:48Z">
          <exception class="org.openqa.selenium.TimeoutException">
            <message>
              <![CDATA[Expected condition failed: waiting for title to be "HubSpot Login1". Current title: "HubSpot Login" (tried for 20 second(s) with 500 milliseconds interval)
Build info: version: '3.141.59', revision: 'e82be7d358', time: '2018-11-14T08:17:03'
System info: host: 'LAPTOP-1UNI7991', ip: '192.168.127.1', os.name: 'Windows 10', os.arch: 'amd64', os.version: '10.0', java.version: '1.8.0_231'
Driver info: org.openqa.selenium.chrome.ChromeDriver
Capabilities {acceptInsecureCerts: false, browserName: chrome, browserVersion: 80.0.3987.149, chrome: {chromedriverVersion: 80.0.3987.106 (f68069574609..., userDataDir: C:\Users\VINAYV~1\AppData\L...}, goog:chromeOptions: {debuggerAddress: localhost:52780}, javascriptEnabled: true, networkConnectionEnabled: false, pageLoadStrategy: normal, platform: WINDOWS, platformName: WINDOWS, proxy: Proxy(), setWindowRect: true, strictFileInteractability: false, timeouts: {implicit: 0, pageLoad: 300000, script: 30000}, unhandledPromptBehavior: dismiss and notify}
Session ID: be24e072bded8c1973f347f48213c76d]]>
            </message>
            <full-stacktrace>
              <![CDATA[org.openqa.selenium.TimeoutException: Expected condition failed: waiting for title to be "HubSpot Login1". Current title: "HubSpot Login" (tried for 20 second(s) with 500 milliseconds interval)
Build info: version: '3.141.59', revision: 'e82be7d358', time: '2018-11-14T08:17:03'
System info: host: 'LAPTOP-1UNI7991', ip: '192.168.127.1', os.name: 'Windows 10', os.arch: 'amd64', os.version: '10.0', java.version: '1.8.0_231'
Driver info: org.openqa.selenium.chrome.ChromeDriver
Capabilities {acceptInsecureCerts: false, browserName: chrome, browserVersion: 80.0.3987.149, chrome: {chromedriverVersion: 80.0.3987.106 (f68069574609..., userDataDir: C:\Users\VINAYV~1\AppData\L...}, goog:chromeOptions: {debuggerAddress: localhost:52780}, javascriptEnabled: true, networkConnectionEnabled: false, pageLoadStrategy: normal, platform: WINDOWS, platformName: WINDOWS, proxy: Proxy(), setWindowRect: true, strictFileInteractability: false, timeouts: {implicit: 0, pageLoad: 300000, script: 30000}, unhandledPromptBehavior: dismiss and notify}
Session ID: be24e072bded8c1973f347f48213c76d
	at org.openqa.selenium.support.ui.WebDriverWait.timeoutException(WebDriverWait.java:95)
	at org.openqa.selenium.support.ui.FluentWait.until(FluentWait.java:272)
	at com.qa.hubspot.util.ElementActions.waitForPageTitle(ElementActions.java:69)
	at com.qa.hubspot.util.ElementActions.doGetPageTitle(ElementActions.java:52)
	at com.qa.hubspot.pages.LoginPage.getLoginPageTitle(LoginPage.java:43)
	at com.qa.hubspot.tests.LoginPageTest.verifyLoginPageTitleTest(LoginPageTest.java:38)
	at sun.reflect.NativeMethodAccessorImpl.invoke0(Native Method)
	at sun.reflect.NativeMethodAccessorImpl.invoke(Unknown Source)
	at sun.reflect.DelegatingMethodAccessorImpl.invoke(Unknown Source)
	at java.lang.reflect.Method.invoke(Unknown Source)
	at org.testng.internal.MethodInvocationHelper.invokeMethod(MethodInvocationHelper.java:85)
	at org.testng.internal.Invoker.invokeMethod(Invoker.java:663)
	at org.testng.internal.Invoker.invokeTestMethod(Invoker.java:849)
	at org.testng.internal.Invoker.invokeTestMethods(Invoker.java:1157)
	at org.testng.internal.TestMethodWorker.invokeTestMethods(TestMethodWorker.java:124)
	at org.testng.internal.TestMethodWorker.run(TestMethodWorker.java:108)
	at org.testng.TestRunner.privateRun(TestRunner.java:771)
	at org.testng.TestRunner.run(TestRunner.java:621)
	at org.testng.SuiteRunner.runTest(SuiteRunner.java:357)
	at org.testng.SuiteRunner.runSequentially(SuiteRunner.java:352)
	at org.testng.SuiteRunner.privateRun(SuiteRunner.java:310)
	at org.testng.SuiteRunner.run(SuiteRunner.java:259)
	at org.testng.SuiteRunnerWorker.runSuite(SuiteRunnerWorker.java:52)
	at org.testng.SuiteRunnerWorker.run(SuiteRunnerWorker.java:86)
	at org.testng.TestNG.runSuitesSequentially(TestNG.java:1200)
	at org.testng.TestNG.runSuitesLocally(TestNG.java:1125)
	at org.testng.TestNG.run(TestNG.java:1033)
	at org.testng.remote.RemoteTestNG.run(RemoteTestNG.java:111)
	at org.testng.remote.RemoteTestNG.initAndRun(RemoteTestNG.java:204)
	at org.testng.remote.RemoteTestNG.main(RemoteTestNG.java:175)
]]>
            </full-stacktrace>
          </exception> <!-- org.openqa.selenium.TimeoutException -->
          <reporter-output>
          </reporter-output>
        </test-method> <!-- verifyLoginPageTitleTest -->
        <test-method status="PASS" signature="verifyDontHaveAccountLabelTest()[pri:0, instance:com.qa.hubspot.tests.LoginPageTest@4148db48]" name="verifyDontHaveAccountLabelTest" duration-ms="78" started-at="2020-03-20T15:51:48Z" finished-at="2020-03-20T15:51:48Z">
          <reporter-output>
          </reporter-output>
        </test-method> <!-- verifyDontHaveAccountLabelTest -->
        <test-method status="PASS" signature="verifyForgotPasswordLinkTest()[pri:0, instance:com.qa.hubspot.tests.LoginPageTest@4148db48]" name="verifyForgotPasswordLinkTest" duration-ms="84" started-at="2020-03-20T15:51:48Z" finished-at="2020-03-20T15:51:49Z">
          <reporter-output>
          </reporter-output>
        </test-method> <!-- verifyForgotPasswordLinkTest -->
        <test-method status="PASS" signature="verifyPasswordIsMasked()[pri:0, instance:com.qa.hubspot.tests.LoginPageTest@4148db48]" name="verifyPasswordIsMasked" duration-ms="61" started-at="2020-03-20T15:51:49Z" finished-at="2020-03-20T15:51:49Z">
          <reporter-output>
          </reporter-output>
        </test-method> <!-- verifyPasswordIsMasked -->
        <test-method status="PASS" signature="verifySignInWithGoogleLinkTest()[pri:0, instance:com.qa.hubspot.tests.LoginPageTest@4148db48]" name="verifySignInWithGoogleLinkTest" duration-ms="67" started-at="2020-03-20T15:51:49Z" finished-at="2020-03-20T15:51:49Z">
          <reporter-output>
          </reporter-output>
        </test-method> <!-- verifySignInWithGoogleLinkTest -->
        <test-method status="PASS" signature="verifySSOLinkTest()[pri:0, instance:com.qa.hubspot.tests.LoginPageTest@4148db48]" name="verifySSOLinkTest" duration-ms="69" started-at="2020-03-20T15:51:49Z" finished-at="2020-03-20T15:51:49Z">
          <reporter-output>
          </reporter-output>
        </test-method> <!-- verifySSOLinkTest -->
        <test-method status="PASS" signature="verifyShowPasswordLinkTest()[pri:0, instance:com.qa.hubspot.tests.LoginPageTest@4148db48]" name="verifyShowPasswordLinkTest" duration-ms="443" started-at="2020-03-20T15:51:49Z" finished-at="2020-03-20T15:51:49Z">
          <reporter-output>
          </reporter-output>
        </test-method> <!-- verifyShowPasswordLinkTest -->
        <test-method status="PASS" signature="verifyHidePasswordLinkTest()[pri:0, instance:com.qa.hubspot.tests.LoginPageTest@4148db48]" name="verifyHidePasswordLinkTest" duration-ms="199" started-at="2020-03-20T15:51:49Z" finished-at="2020-03-20T15:51:49Z">
          <reporter-output>
          </reporter-output>
        </test-method> <!-- verifyHidePasswordLinkTest -->
        <test-method status="PASS" signature="verifyCopyRightInfoTest()[pri:0, instance:com.qa.hubspot.tests.LoginPageTest@4148db48]" name="verifyCopyRightInfoTest" duration-ms="62" started-at="2020-03-20T15:51:49Z" finished-at="2020-03-20T15:51:49Z">
          <reporter-output>
          </reporter-output>
        </test-method> <!-- verifyCopyRightInfoTest -->
        <test-method status="PASS" signature="verifyloginTest()[pri:0, instance:com.qa.hubspot.tests.LoginPageTest@4148db48]" name="verifyloginTest" duration-ms="5613" started-at="2020-03-20T15:51:49Z" finished-at="2020-03-20T15:51:55Z">
          <reporter-output>
          </reporter-output>
        </test-method> <!-- verifyloginTest -->
        <test-method status="PASS" signature="tearDown()[pri:0, instance:com.qa.hubspot.tests.LoginPageTest@4148db48]" name="tearDown" is-config="true" duration-ms="698" started-at="2020-03-20T15:51:55Z" finished-at="2020-03-20T15:51:56Z">
          <reporter-output>
          </reporter-output>
        </test-method> <!-- tearDown -->
      </class> <!-- com.qa.hubspot.tests.LoginPageTest -->
    </test> <!-- Hubspot Sanity Testcases- chrome -->
  </suite> <!-- Hubspot App Sanity Test Suite -->
</testng-results>
